Determining if the pthread_create exist failed with the following output:
Change Dir: /home/shikhar/techfest_ws/build/CMakeFiles/CMakeTmp

Run Build Command:"/usr/bin/make" "cmTC_c5b96/fast"
/usr/bin/make -f CMakeFiles/cmTC_c5b96.dir/build.make CMakeFiles/cmTC_c5b96.dir/build
make[1]: Entering directory '/home/shikhar/techfest_ws/build/CMakeFiles/CMakeTmp'
Building C object CMakeFiles/cmTC_c5b96.dir/CheckSymbolExists.c.o
/usr/lib/ccache/cc    -o CMakeFiles/cmTC_c5b96.dir/CheckSymbolExists.c.o   -c /home/shikhar/techfest_ws/build/CMakeFiles/CMakeTmp/CheckSymbolExists.c
Linking C executable cmTC_c5b96
/usr/bin/cmake -E cmake_link_script CMakeFiles/cmTC_c5b96.dir/link.txt --verbose=1
/usr/lib/ccache/cc      -rdynamic CMakeFiles/cmTC_c5b96.dir/CheckSymbolExists.c.o  -o cmTC_c5b96 
CMakeFiles/cmTC_c5b96.dir/CheckSymbolExists.c.o: In function `main':
CheckSymbolExists.c:(.text+0x1b): undefined reference to `pthread_create'
collect2: error: ld returned 1 exit status
CMakeFiles/cmTC_c5b96.dir/build.make:97: recipe for target 'cmTC_c5b96' failed
make[1]: *** [cmTC_c5b96] Error 1
make[1]: Leaving directory '/home/shikhar/techfest_ws/build/CMakeFiles/CMakeTmp'
Makefile:126: recipe for target 'cmTC_c5b96/fast' failed
make: *** [cmTC_c5b96/fast] Error 2

File /home/shikhar/techfest_ws/build/CMakeFiles/CMakeTmp/CheckSymbolExists.c:
/* */
#include <pthread.h>

int main(int argc, char** argv)
{
  (void)argv;
#ifndef pthread_create
  return ((int*)(&pthread_create))[argc];
#else
  (void)argc;
  return 0;
#endif
}

Determining if the function pthread_create exists in the pthreads failed with the following output:
Change Dir: /home/shikhar/techfest_ws/build/CMakeFiles/CMakeTmp

Run Build Command:"/usr/bin/make" "cmTC_05ef7/fast"
/usr/bin/make -f CMakeFiles/cmTC_05ef7.dir/build.make CMakeFiles/cmTC_05ef7.dir/build
make[1]: Entering directory '/home/shikhar/techfest_ws/build/CMakeFiles/CMakeTmp'
Building C object CMakeFiles/cmTC_05ef7.dir/CheckFunctionExists.c.o
/usr/lib/ccache/cc   -DCHECK_FUNCTION_EXISTS=pthread_create   -o CMakeFiles/cmTC_05ef7.dir/CheckFunctionExists.c.o   -c /usr/share/cmake-3.10/Modules/CheckFunctionExists.c
Linking C executable cmTC_05ef7
/usr/bin/cmake -E cmake_link_script CMakeFiles/cmTC_05ef7.dir/link.txt --verbose=1
/usr/lib/ccache/cc  -DCHECK_FUNCTION_EXISTS=pthread_create    -rdynamic CMakeFiles/cmTC_05ef7.dir/CheckFunctionExists.c.o  -o cmTC_05ef7 -lpthreads 
/usr/bin/ld: cannot find -lpthreads
collect2: error: ld returned 1 exit status
CMakeFiles/cmTC_05ef7.dir/build.make:97: recipe for target 'cmTC_05ef7' failed
make[1]: *** [cmTC_05ef7] Error 1
make[1]: Leaving directory '/home/shikhar/techfest_ws/build/CMakeFiles/CMakeTmp'
Makefile:126: recipe for target 'cmTC_05ef7/fast' failed
make: *** [cmTC_05ef7/fast] Error 2


